<?xml version="1.0" encoding="UTF-8"?>
<testng-results skipped="0" failed="1" ignored="0" total="2" passed="1">
  <reporter-output>
  </reporter-output>
  <suite name="Default suite" duration-ms="18187" started-at="2020-01-08T18:15:35Z" finished-at="2020-01-08T18:15:54Z">
    <groups>
    </groups>
    <test name="Default test" duration-ms="18187" started-at="2020-01-08T18:15:35Z" finished-at="2020-01-08T18:15:54Z">
      <class name="tests.ScrollTest">
        <test-method status="PASS" signature="initiateDriver()[pri:0, instance:tests.ScrollTest@13805618]" name="initiateDriver" is-config="true" duration-ms="4214" started-at="2020-01-08T20:15:35Z" finished-at="2020-01-08T20:15:40Z">
          <reporter-output>
          </reporter-output>
        </test-method> <!-- initiateDriver -->
        <test-method status="PASS" signature="scrollTest()[pri:1, instance:tests.ScrollTest@13805618]" name="scrollTest" duration-ms="8026" started-at="2020-01-08T20:15:40Z" finished-at="2020-01-08T20:15:48Z">
          <reporter-output>
          </reporter-output>
        </test-method> <!-- scrollTest -->
        <test-method status="FAIL" signature="textTest()[pri:2, instance:tests.ScrollTest@13805618]" name="textTest" duration-ms="5928" started-at="2020-01-08T20:15:48Z" depends-on-methods="tests.ScrollTest.scrollTest" finished-at="2020-01-08T20:15:54Z">
          <exception class="org.openqa.selenium.WebDriverException">
            <message>
              <![CDATA[An unknown server-side error occurred while processing the command. Original error: Error Domain=com.facebook.WebDriverAgent Code=1 "Only actions of 'pointer' type are supported. 'key' is given instead for action with id 'keyboard'" UserInfo={NSLocalizedDescription=Only actions of 'pointer' type are supported. 'key' is given instead for action with id 'keyboard'}Build info: version: '3.141.59', revision: 'e82be7d358', time: '2018-11-14T08:25:48'System info: host: 'Alexanders-MBP.Dlink', ip: '192.168.0.75', os.name: 'Mac OS X', os.arch: 'x86_64', os.version: '10.15.2', java.version: '1.8.0_131'Driver info: io.appium.java_client.ios.IOSDriverCapabilities {automationName: XCUITest, browserName: , bundleId: com.example.apple-samplecod..., databaseEnabled: false, deviceName: iPhone 8, javascriptEnabled: true, locationContextEnabled: false, networkConnectionEnabled: false, platform: MAC, platformName: iOS, platformVersion: 13.3, takesScreenshot: true, udid: 894F484A-2BD6-4219-8EEB-E24..., webStorageEnabled: false}Session ID: 3a46c0f7-0e80-4809-92b1-21f8b5ef8f38]]>
            </message>
            <full-stacktrace>
              <![CDATA[org.openqa.selenium.WebDriverException: An unknown server-side error occurred while processing the command. Original error: Error Domain=com.facebook.WebDriverAgent Code=1 "Only actions of 'pointer' type are supported. 'key' is given instead for action with id 'keyboard'" UserInfo={NSLocalizedDescription=Only actions of 'pointer' type are supported. 'key' is given instead for action with id 'keyboard'}Build info: version: '3.141.59', revision: 'e82be7d358', time: '2018-11-14T08:25:48'System info: host: 'Alexanders-MBP.Dlink', ip: '192.168.0.75', os.name: 'Mac OS X', os.arch: 'x86_64', os.version: '10.15.2', java.version: '1.8.0_131'Driver info: io.appium.java_client.ios.IOSDriverCapabilities {automationName: XCUITest, browserName: , bundleId: com.example.apple-samplecod..., databaseEnabled: false, deviceName: iPhone 8, javascriptEnabled: true, locationContextEnabled: false, networkConnectionEnabled: false, platform: MAC, platformName: iOS, platformVersion: 13.3, takesScreenshot: true, udid: 894F484A-2BD6-4219-8EEB-E24..., webStorageEnabled: false}Session ID: 3a46c0f7-0e80-4809-92b1-21f8b5ef8f38at sun.reflect.NativeConstructorAccessorImpl.newInstance0(Native Method)at sun.reflect.NativeConstructorAccessorImpl.newInstance(NativeConstructorAccessorImpl.java:62)at sun.reflect.DelegatingConstructorAccessorImpl.newInstance(DelegatingConstructorAccessorImpl.java:45)at java.lang.reflect.Constructor.newInstance(Constructor.java:423)at org.openqa.selenium.remote.http.W3CHttpResponseCodec.createException(W3CHttpResponseCodec.java:187)at org.openqa.selenium.remote.http.W3CHttpResponseCodec.decode(W3CHttpResponseCodec.java:122)at org.openqa.selenium.remote.http.W3CHttpResponseCodec.decode(W3CHttpResponseCodec.java:49)at org.openqa.selenium.remote.HttpCommandExecutor.execute(HttpCommandExecutor.java:158)at io.appium.java_client.remote.AppiumCommandExecutor.execute(AppiumCommandExecutor.java:239)at org.openqa.selenium.remote.RemoteWebDriver.execute(RemoteWebDriver.java:552)at io.appium.java_client.DefaultGenericMobileDriver.execute(DefaultGenericMobileDriver.java:41)at io.appium.java_client.AppiumDriver.execute(AppiumDriver.java:1)at io.appium.java_client.ios.IOSDriver.execute(IOSDriver.java:1)at org.openqa.selenium.remote.RemoteExecuteMethod.execute(RemoteExecuteMethod.java:35)at org.openqa.selenium.remote.RemoteKeyboard.sendKeys(RemoteKeyboard.java:38)at tests.ScrollTest.textTest(ScrollTest.java:47)at sun.reflect.NativeMethodAccessorImpl.invoke0(Native Method)at sun.reflect.NativeMethodAccessorImpl.invoke(NativeMethodAccessorImpl.java:62)at sun.reflect.DelegatingMethodAccessorImpl.invoke(DelegatingMethodAccessorImpl.java:43)at java.lang.reflect.Method.invoke(Method.java:498)at org.testng.internal.MethodInvocationHelper.invokeMethod(MethodInvocationHelper.java:124)at org.testng.internal.Invoker.invokeMethod(Invoker.java:571)at org.testng.internal.Invoker.invokeTestMethod(Invoker.java:707)at org.testng.internal.Invoker.invokeTestMethods(Invoker.java:979)at org.testng.internal.TestMethodWorker.invokeTestMethods(TestMethodWorker.java:125)at org.testng.internal.TestMethodWorker.run(TestMethodWorker.java:109)at org.testng.TestRunner.privateRun(TestRunner.java:648)at org.testng.TestRunner.run(TestRunner.java:505)at org.testng.SuiteRunner.runTest(SuiteRunner.java:455)at org.testng.SuiteRunner.runSequentially(SuiteRunner.java:450)at org.testng.SuiteRunner.privateRun(SuiteRunner.java:415)at org.testng.SuiteRunner.run(SuiteRunner.java:364)at org.testng.SuiteRunnerWorker.runSuite(SuiteRunnerWorker.java:52)at org.testng.SuiteRunnerWorker.run(SuiteRunnerWorker.java:84)at org.testng.TestNG.runSuitesSequentially(TestNG.java:1187)at org.testng.TestNG.runSuitesLocally(TestNG.java:1116)at org.testng.TestNG.runSuites(TestNG.java:1028)at org.testng.TestNG.run(TestNG.java:996)at org.testng.remote.AbstractRemoteTestNG.run(AbstractRemoteTestNG.java:114)at org.testng.remote.RemoteTestNG.initAndRun(RemoteTestNG.java:251)at org.testng.remote.RemoteTestNG.main(RemoteTestNG.java:77)]]>
            </full-stacktrace>
          </exception> <!-- org.openqa.selenium.WebDriverException -->
          <reporter-output>
          </reporter-output>
        </test-method> <!-- textTest -->
      </class> <!-- tests.ScrollTest -->
    </test> <!-- Default test -->
  </suite> <!-- Default suite -->
</testng-results>
