<?xml version="1.0" encoding="UTF-8"?>
<testng-results skipped="0" failed="0" ignored="0" total="1" passed="1">
  <reporter-output>
  </reporter-output>
  <suite name="Default suite" duration-ms="21709" started-at="2020-01-17T09:17:45Z" finished-at="2020-01-17T09:18:07Z">
    <groups>
    </groups>
    <test name="Default test" duration-ms="21709" started-at="2020-01-17T09:17:45Z" finished-at="2020-01-17T09:18:07Z">
      <class name="tests.SwitchesTest">
        <test-method status="PASS" signature="initiateDriver()[pri:0, instance:tests.SwitchesTest@13805618]" name="initiateDriver" is-config="true" duration-ms="5241" started-at="2020-01-17T11:17:45Z" finished-at="2020-01-17T11:17:50Z">
          <reporter-output>
          </reporter-output>
        </test-method> <!-- initiateDriver -->
        <test-method status="PASS" signature="swichesTest()[pri:0, instance:tests.SwitchesTest@13805618]" name="swichesTest" duration-ms="16450" started-at="2020-01-17T11:17:50Z" finished-at="2020-01-17T11:18:07Z">
          <reporter-output>
          </reporter-output>
        </test-method> <!-- swichesTest -->
      </class> <!-- tests.SwitchesTest -->
    </test> <!-- Default test -->
  </suite> <!-- Default suite -->
</testng-results>
